[2025-06-22 21:53:12] EMAIL TO: test@example.com
SUBJECT: Verify Your Email Address - Hotel Fortuna
MESSAGE:
Hello Test,

Welcome to Hotel Fortuna!

Thank you for registering with us. To complete your registration, please verify your email address by clicking the link below:

http://localhost:5173/verify-email?token=e9bf25c4238edf2d847c189f259e4d30f0402d89b4e330fefab109639a6204fd

This verification link will expire in 24 hours.

If you didn't create an account with us, please ignore this email.

Best regards,
Hotel Fortuna Team
--------------------------------------------------------------------------------
[2025-06-22 21:53:33] EMAIL TO: gpt.subscripitonaccont@gmail.com
SUBJECT: Verify Your Email Address - Hotel Fortuna
MESSAGE:
Hello john,

Welcome to Hotel Fortuna!

Thank you for registering with us. To complete your registration, please verify your email address by clicking the link below:

http://localhost:5173/verify-email?token=8fbb78841790c192c608062843b091b6fccb85ec83429e8208d69a89e4b99bab

This verification link will expire in 24 hours.

If you didn't create an account with us, please ignore this email.

Best regards,
Hotel Fortuna Team
--------------------------------------------------------------------------------
[2025-06-22 21:54:52] EMAIL TO: gpt.subscripitonaccont@gmail.com
SUBJECT: Verify Your Email Address - Hotel Fortuna
MESSAGE:
Hello john,

Welcome to Hotel Fortuna!

Thank you for registering with us. To complete your registration, please verify your email address by clicking the link below:

http://localhost:5173/verify-email?token=3867b954d82ba873de0f9824e98b20642db285649b02df23c931ba818ae417c5

This verification link will expire in 24 hours.

If you didn't create an account with us, please ignore this email.

Best regards,
Hotel Fortuna Team
--------------------------------------------------------------------------------
[2025-06-22 21:56:11] EMAIL TO: gpt.subscripitonaccont@gmail.com
SUBJECT: Verify Your Email Address - Hotel Fortuna
MESSAGE:
Hello jouhm,

Welcome to Hotel Fortuna!

Thank you for registering with us. To complete your registration, please verify your email address by clicking the link below:

http://localhost:5173/verify-email?token=28ebd9a6f1d88e5d26aecbc61135d772cb15a4994c704575d45153af8ee9d728

This verification link will expire in 24 hours.

If you didn't create an account with us, please ignore this email.

Best regards,
Hotel Fortuna Team
--------------------------------------------------------------------------------
